[32m2020-12-18 10:35:45 [INFO] 
            _      _                   
           | |    | |                  
 ___   ___ | |  __| |  ___   _ __ ___  
/ __| / _ \| | / _` | / _ \ | '_ ` _ \ 
\__ \|  __/| || (_| || (_) || | | | | |
|___/ \___||_| \__,_| \___/ |_| |_| |_| 
-----------------------------------------
                             @itest.info
[0m
[32m2020-12-18 10:36:02 [INFO] ✅ Find element: xpath=//*[@id="app"]/div/div[1]/div[2]/div[2]/div[2]/div/form/div[1]/div/div/div/input [0m
[32m2020-12-18 10:36:03 [INFO] 🖋 input 'gree'.[0m
[32m2020-12-18 10:36:03 [INFO] ✅ Find element: xpath=//*[@id="app"]/div/div[1]/div[2]/div[2]/div[2]/div/form/div[2]/div/div/div/input [0m
[32m2020-12-18 10:36:04 [INFO] 🖋 input 'abcd4321'.[0m
[32m2020-12-18 10:36:04 [INFO] ✅ Find element: xpath=//*[@id="app"]/div/div[1]/div[2]/div[2]/div[2]/div/form/div[3]/div/button [0m
[32m2020-12-18 10:36:05 [INFO] 🖱 click.[0m
[32m2020-12-18 10:36:06 [INFO] ✅ Find element: xpath=//*[@id="app"]/section/section/div/div[1]/div[1]/div/ul/div[2]/li/div/span [0m
[32m2020-12-18 10:36:07 [INFO] 🖱 click.[0m
[32m2020-12-18 10:36:07 [INFO] ✅ Find element: xpath=//*[@id="app"]/section/section/div/div[1]/div[1]/div/ul/div[2]/li/ul/li[1]/span [0m
[32m2020-12-18 10:36:07 [INFO] 🖱 click.[0m
[32m2020-12-18 10:36:14 [INFO] ✅ Find element: xpath=//*[@id="app"]/div/div[2]/div[1]/div/form[1]/div[1]/div/div/input [0m
[32m2020-12-18 10:36:15 [INFO] 🖋 input 'SP1000247'.[0m
[32m2020-12-18 10:36:15 [INFO] ✅ Find element: xpath=//*[@id="app"]/div/div[2]/div[1]/div/form[1]/div[7]/div/button[1] [0m
[32m2020-12-18 10:36:16 [INFO] 🖱 click.[0m
[32m2020-12-18 10:36:17 [INFO] 👀 assertText: SP1000247.[0m
[32m2020-12-18 10:36:22 [INFO] generated html file: file:///D:\LF\mypro\reports\2020_12_18_10_35_45_result.html[0m
