[32m2020-12-18 10:42:52 [INFO] 
            _      _                   
           | |    | |                  
 ___   ___ | |  __| |  ___   _ __ ___  
/ __| / _ \| | / _` | / _ \ | '_ ` _ \ 
\__ \|  __/| || (_| || (_) || | | | | |
|___/ \___||_| \__,_| \___/ |_| |_| |_| 
-----------------------------------------
                             @itest.info
[0m
[32m2020-12-18 10:43:21 [INFO] ✅ Find element: xpath=//*[@id="app"]/div/div[1]/div[2]/div[2]/div[2]/div/form/div[1]/div/div/div/input [0m
[32m2020-12-18 10:43:22 [INFO] 🖋 input 'gree'.[0m
[32m2020-12-18 10:43:22 [INFO] ✅ Find element: xpath=//*[@id="app"]/div/div[1]/div[2]/div[2]/div[2]/div/form/div[2]/div/div/div/input [0m
[32m2020-12-18 10:43:22 [INFO] 🖋 input 'abcd4321'.[0m
[32m2020-12-18 10:43:23 [INFO] ✅ Find element: xpath=//*[@id="app"]/div/div[1]/div[2]/div[2]/div[2]/div/form/div[3]/div/button [0m
[32m2020-12-18 10:43:23 [INFO] 🖱 click.[0m
[32m2020-12-18 10:43:26 [INFO] ✅ Find element: xpath=//*[@id="app"]/section/section/div/div[1]/div[1]/div/ul/div[2]/li/div/span [0m
[32m2020-12-18 10:43:26 [INFO] 🖱 click.[0m
[32m2020-12-18 10:43:27 [INFO] ✅ Find element: xpath=//*[@id="app"]/section/section/div/div[1]/div[1]/div/ul/div[2]/li/ul/li[1]/span [0m
[32m2020-12-18 10:43:27 [INFO] 🖱 click.[0m
[31m2020-12-18 10:43:38 [ERROR] ❌ Find 0 elements through: xpath=//*[@id="app"]/div/div[2]/div[1]/div/form[1]/div[1]/div/div/input[0m
[32m2020-12-18 10:43:38 [INFO] generated html file: file:///D:\LF\mypro\reports\2020_12_18_10_42_52_result.html[0m
