[32m2020-12-18 11:18:17 [INFO] 
            _      _                   
           | |    | |                  
 ___   ___ | |  __| |  ___   _ __ ___  
/ __| / _ \| | / _` | / _ \ | '_ ` _ \ 
\__ \|  __/| || (_| || (_) || | | | | |
|___/ \___||_| \__,_| \___/ |_| |_| |_| 
-----------------------------------------
                             @itest.info
[0m
[32m2020-12-18 11:18:33 [INFO] ✅ Find element: xpath=//*[@id="app"]/div/div[1]/div[2]/div[2]/div[2]/div/form/div[1]/div/div/div/input [0m
[32m2020-12-18 11:18:33 [INFO] 🖋 input 'gree'.[0m
[32m2020-12-18 11:18:33 [INFO] ✅ Find element: xpath=//*[@id="app"]/div/div[1]/div[2]/div[2]/div[2]/div/form/div[2]/div/div/div/input [0m
[32m2020-12-18 11:18:34 [INFO] 🖋 input 'abcd4321'.[0m
[32m2020-12-18 11:18:34 [INFO] ✅ Find element: xpath=//*[@id="app"]/div/div[1]/div[2]/div[2]/div[2]/div/form/div[3]/div/button [0m
[32m2020-12-18 11:18:35 [INFO] 🖱 click.[0m
[32m2020-12-18 11:18:36 [INFO] ✅ Find element: xpath=//*[@id="app"]/section/section/div/div[1]/div[1]/div/ul/div[2]/li/div/span [0m
[32m2020-12-18 11:18:37 [INFO] 🖱 click.[0m
[32m2020-12-18 11:18:37 [INFO] ✅ Find element: xpath=//*[@id="app"]/section/section/div/div[1]/div[1]/div/ul/div[2]/li/ul/li[1]/span [0m
[32m2020-12-18 11:18:38 [INFO] 🖱 click.[0m
[32m2020-12-18 11:18:44 [INFO] ✅ Find element: xpath=//*[@id="app"]/div/div[2]/div[1]/div/form[1]/div[1]/div/div/input [0m
[32m2020-12-18 11:18:45 [INFO] 🖋 input 'SP1000247'.[0m
[32m2020-12-18 11:18:45 [INFO] ✅ Find element: xpath=//*[@id="app"]/div/div[2]/div[1]/div/form[1]/div[7]/div/button[1] [0m
[32m2020-12-18 11:18:46 [INFO] 🖱 click.[0m
[32m2020-12-18 11:19:00 [INFO] generated html file: file:///D:\LF\mypro\reports\2020_12_18_11_18_17_result.html[0m
