[32m2020-12-18 11:13:26 [INFO] 
            _      _                   
           | |    | |                  
 ___   ___ | |  __| |  ___   _ __ ___  
/ __| / _ \| | / _` | / _ \ | '_ ` _ \ 
\__ \|  __/| || (_| || (_) || | | | | |
|___/ \___||_| \__,_| \___/ |_| |_| |_| 
-----------------------------------------
                             @itest.info
[0m
[32m2020-12-18 11:13:59 [INFO] ✅ Find element: xpath=//*[@id="app"]/div/div[1]/div[2]/div[2]/div[2]/div/form/div[1]/div/div/div/input [0m
[32m2020-12-18 11:14:00 [INFO] 🖋 input 'gree'.[0m
[32m2020-12-18 11:14:00 [INFO] ✅ Find element: xpath=//*[@id="app"]/div/div[1]/div[2]/div[2]/div[2]/div/form/div[2]/div/div/div/input [0m
[32m2020-12-18 11:14:01 [INFO] 🖋 input 'abcd4321'.[0m
[32m2020-12-18 11:14:01 [INFO] ✅ Find element: xpath=//*[@id="app"]/div/div[1]/div[2]/div[2]/div[2]/div/form/div[3]/div/button [0m
[32m2020-12-18 11:14:02 [INFO] 🖱 click.[0m
[32m2020-12-18 11:14:07 [INFO] ✅ Find element: xpath=//*[@id="app"]/section/section/div/div[1]/div[1]/div/ul/div[2]/li/div/span [0m
[32m2020-12-18 11:14:07 [INFO] 🖱 click.[0m
[32m2020-12-18 11:14:08 [INFO] ✅ Find element: xpath=//*[@id="app"]/section/section/div/div[1]/div[1]/div/ul/div[2]/li/ul/li[1]/span [0m
[32m2020-12-18 11:14:08 [INFO] 🖱 click.[0m
[32m2020-12-18 11:14:18 [INFO] ✅ Find element: xpath=//*[@id="app"]/div/div[2]/div[1]/div/form[1]/div[1]/div/div/input [0m
[32m2020-12-18 11:14:19 [INFO] 🖋 input 'SP1000247'.[0m
[32m2020-12-18 11:14:19 [INFO] ✅ Find element: xpath=//*[@id="app"]/div/div[2]/div[1]/div/form[1]/div[7]/div/button[1] [0m
[32m2020-12-18 11:14:21 [INFO] 🖱 click.[0m
[31m2020-12-18 11:14:47 [ERROR] ❌ Find 0 elements through: xpath=//*[@id="app"]/div/div[1]/div[2]/div[2]/div[2]/div/form/div[1]/div/div/div/input[0m
[32m2020-12-18 11:14:47 [INFO] generated html file: file:///D:\LF\mypro\reports\2020_12_18_11_13_26_result.html[0m
